<?xml version="1.0" encoding="UTF-8"?>
<!-- Generated by org.testng.reporters.JUnitXMLReporter -->
<testsuite ignored="0" hostname="Vaibhav" failures="0" tests="3" name="Default test" time="2.496" errors="0" timestamp="2025-06-23T17:40:49 IST">
  <testcase classname="practice.testng.SampleReportTest" name="createContactTest" time="2.462"/>
  <testcase classname="practice.testng.SampleReportTest" name="createContactWithOrgTest" time="0.002"/>
  <testcase classname="practice.testng.SampleReportTest" name="createContactWithPhoneNumberTest" time="0.002"/>
</testsuite> <!-- Default test -->
