<?xml version="1.0" encoding="UTF-8"?>
<!-- Generated by org.testng.reporters.JUnitXMLReporter -->
<testsuite ignored="2" hostname="Vaibhav" failures="0" tests="1" name="Default test" time="88.656" errors="0" timestamp="2025-06-25T17:42:30 IST">
  <testcase classname="com.comcast.crm.contacttest.CreateContactTest" name="createContactTest" time="9.641"/>
  <testcase classname="com.comcast.crm.contacttest.CreateContactTest" name="createContActWithSupportDateTest" time="0.0">
    <ignored/>
  </testcase> <!-- createContActWithSupportDateTest -->
  <testcase classname="com.comcast.crm.contacttest.CreateContactTest" name="createContactWithOrganizationTest" time="0.0">
    <ignored/>
  </testcase> <!-- createContactWithOrganizationTest -->
</testsuite> <!-- Default test -->
