<?xml version="1.0" encoding="UTF-8"?>
<testng-results ignored="2" total="3" passed="1" failed="0" skipped="0">
  <reporter-output>
  </reporter-output>
  <suite started-at="2025-06-25T17:41:01 IST" name="Default suite" finished-at="2025-06-25T17:42:30 IST" duration-ms="88656">
    <groups>
      <group name="smokeTest">
        <method signature="CreateContactTest.createContactTest()[pri:0, instance:com.comcast.crm.contacttest.CreateContactTest@17503f6b]" name="createContactTest" class="com.comcast.crm.contacttest.CreateContactTest"/>
      </group> <!-- smokeTest -->
    </groups>
    <test started-at="2025-06-25T17:41:01 IST" name="Default test" finished-at="2025-06-25T17:42:30 IST" duration-ms="88656">
      <class name="com.comcast.crm.contacttest.CreateContactTest">
        <test-method is-config="true" signature="configBS()[pri:0, instance:com.comcast.crm.contacttest.CreateContactTest@17503f6b]" started-at="2025-06-25T17:39:36 IST" name="configBS" finished-at="2025-06-25T17:41:01 IST" duration-ms="85295" status="PASS">
          <reporter-output>
          </reporter-output>
        </test-method> <!-- configBS -->
        <test-method is-config="true" signature="configBC()[pri:0, instance:com.comcast.crm.contacttest.CreateContactTest@17503f6b]" started-at="2025-06-25T17:41:01 IST" name="configBC" finished-at="2025-06-25T17:41:23 IST" duration-ms="21208" status="PASS">
          <reporter-output>
          </reporter-output>
        </test-method> <!-- configBC -->
        <test-method is-config="true" signature="configBM()[pri:0, instance:com.comcast.crm.contacttest.CreateContactTest@17503f6b]" started-at="2025-06-25T17:41:23 IST" name="configBM" finished-at="2025-06-25T17:41:58 IST" duration-ms="35707" status="PASS">
          <reporter-output>
          </reporter-output>
        </test-method> <!-- configBM -->
        <test-method signature="createContactTest()[pri:0, instance:com.comcast.crm.contacttest.CreateContactTest@17503f6b]" started-at="2025-06-25T17:41:58 IST" name="createContactTest" finished-at="2025-06-25T17:42:08 IST" duration-ms="9641" status="PASS">
          <reporter-output>
          </reporter-output>
        </test-method> <!-- createContactTest -->
        <test-method is-config="true" signature="configAM()[pri:0, instance:com.comcast.crm.contacttest.CreateContactTest@17503f6b]" started-at="2025-06-25T17:42:08 IST" name="configAM" finished-at="2025-06-25T17:42:30 IST" duration-ms="21817" status="PASS">
          <reporter-output>
          </reporter-output>
        </test-method> <!-- configAM -->
        <test-method is-config="true" signature="configAC()[pri:0, instance:com.comcast.crm.contacttest.CreateContactTest@17503f6b]" started-at="2025-06-25T17:42:30 IST" name="configAC" finished-at="2025-06-25T17:42:30 IST" duration-ms="210" status="PASS">
          <reporter-output>
          </reporter-output>
        </test-method> <!-- configAC -->
        <test-method is-config="true" signature="configAS()[pri:0, instance:com.comcast.crm.contacttest.CreateContactTest@17503f6b]" started-at="2025-06-25T17:42:30 IST" name="configAS" finished-at="2025-06-25T17:42:30 IST" duration-ms="1" status="PASS">
          <reporter-output>
          </reporter-output>
        </test-method> <!-- configAS -->
      </class> <!-- com.comcast.crm.contacttest.CreateContactTest -->
    </test> <!-- Default test -->
  </suite> <!-- Default suite -->
</testng-results>
