<?xml version="1.0" encoding="UTF-8"?>
<testng-results ignored="0" total="3" passed="3" failed="0" skipped="0">
  <reporter-output>
  </reporter-output>
  <suite started-at="2025-06-23T17:40:46 IST" name="Default suite" finished-at="2025-06-23T17:40:49 IST" duration-ms="2496">
    <groups>
    </groups>
    <test started-at="2025-06-23T17:40:46 IST" name="Default test" finished-at="2025-06-23T17:40:49 IST" duration-ms="2496">
      <class name="practice.testng.SampleReportTest">
        <test-method is-config="true" signature="configBS()[pri:0, instance:practice.testng.SampleReportTest@185a6e9]" started-at="2025-06-23T17:40:46 IST" name="configBS" finished-at="2025-06-23T17:40:46 IST" duration-ms="157" status="PASS">
          <reporter-output>
          </reporter-output>
        </test-method> <!-- configBS -->
        <test-method signature="createContactTest()[pri:0, instance:practice.testng.SampleReportTest@185a6e9]" started-at="2025-06-23T17:40:46 IST" name="createContactTest" finished-at="2025-06-23T17:40:49 IST" duration-ms="2462" status="PASS">
          <reporter-output>
          </reporter-output>
        </test-method> <!-- createContactTest -->
        <test-method signature="createContactWithOrgTest()[pri:0, instance:practice.testng.SampleReportTest@185a6e9]" started-at="2025-06-23T17:40:49 IST" name="createContactWithOrgTest" finished-at="2025-06-23T17:40:49 IST" duration-ms="2" status="PASS">
          <reporter-output>
          </reporter-output>
        </test-method> <!-- createContactWithOrgTest -->
        <test-method signature="createContactWithPhoneNumberTest()[pri:0, instance:practice.testng.SampleReportTest@185a6e9]" started-at="2025-06-23T17:40:49 IST" name="createContactWithPhoneNumberTest" finished-at="2025-06-23T17:40:49 IST" duration-ms="2" status="PASS">
          <reporter-output>
          </reporter-output>
        </test-method> <!-- createContactWithPhoneNumberTest -->
        <test-method is-config="true" signature="configAS()[pri:0, instance:practice.testng.SampleReportTest@185a6e9]" started-at="2025-06-23T17:40:49 IST" name="configAS" finished-at="2025-06-23T17:40:49 IST" duration-ms="224" status="PASS">
          <reporter-output>
          </reporter-output>
        </test-method> <!-- configAS -->
      </class> <!-- practice.testng.SampleReportTest -->
    </test> <!-- Default test -->
  </suite> <!-- Default suite -->
</testng-results>
