<?xml version="1.0" encoding="UTF-8"?>
<!-- Generated by org.testng.reporters.JUnitXMLReporter -->
<testsuite ignored="2" hostname="Vaibhav" failures="0" tests="6" name="TestRunner-Edge" time="63.21" errors="0" timestamp="2025-06-09T12:43:48 IST">
  <testcase classname="com.comcast.crm.contacttest.CreateContactTest" name="createContActWithSupportDateTest" time="6.173"/>
  <testcase classname="com.comcast.crm.contacttest.CreateContactTest" name="createContactTest" time="5.375"/>
  <testcase classname="com.comcast.crm.contacttest.CreateContactTest" name="createContactWithOrganizationTest" time="10.681"/>
  <testcase classname="com.comcast.crm.orgtest.CreateOrganizationTest" name="createOrganizationTest" time="4.705"/>
  <testcase classname="com.comcast.crm.orgtest.CreateOrganizationTest" name="createOrganizationWithIndustryTest" time="4.793"/>
  <testcase classname="com.comcast.crm.orgtest.CreateOrganizationTest" name="createOrganizationWithPhoneNumberTest" time="5.839"/>
  <testcase classname="com.vtiger.crm.baseutility.BaseClass" name="@BeforeSuite configBS" time="0.0">
    <ignored/>
  </testcase> <!-- @BeforeSuite configBS -->
  <testcase classname="com.vtiger.crm.baseutility.BaseClass" name="@AfterSuite configAS" time="0.0">
    <ignored/>
  </testcase> <!-- @AfterSuite configAS -->
</testsuite> <!-- TestRunner-Edge -->
